<?xml version="1.0" encoding="UTF-8"?>
<testsuite name="FirstSpecification" tests="10" skipped="0" failures="1" errors="0" timestamp="2021-11-25T17:47:57" hostname="LAPTOP-I2C5740T" time="0.289">
  <properties/>
  <testcase name="one plus one should equal two" classname="FirstSpecification" time="0.089"/>
  <testcase name="two plus two should equal four" classname="FirstSpecification" time="0.003"/>
  <testcase name="Should be able to remove from list" classname="FirstSpecification" time="0.055"/>
  <testcase name="Should get an index out of bounds when removing a nonexistent item" classname="FirstSpecification" time="0.004"/>
  <testcase name="numbers to the power of two [a: 1, b: 2, c: 1, #0]" classname="FirstSpecification" time="0.005"/>
  <testcase name="numbers to the power of two [a: 2, b: 2, c: 4, #1]" classname="FirstSpecification" time="0.001"/>
  <testcase name="numbers to the power of two [a: 3, b: 2, c: 9, #2]" classname="FirstSpecification" time="0.001"/>
  <testcase name="test mock" classname="FirstSpecification" time="0.068"/>
  <testcase name="test stub" classname="FirstSpecification" time="0.022"/>
  <testcase name="Should verify notify was called" classname="FirstSpecification" time="0.013">
    <failure message="Too few invocations for:&#10;&#10;1 * notifier.accept(2)   (0 invocations)&#10;&#10;Unmatched invocations (ordered by similarity):&#10;&#10;1 * notifier.accept(1)&#10;One or more arguments(s) didn't match:&#10;0: argument == expected&#10;   |        |  |&#10;   1        |  2&#10;            false&#10;&#10;" type="org.spockframework.mock.TooFewInvocationsError">Too few invocations for:

1 * notifier.accept(2)   (0 invocations)

Unmatched invocations (ordered by similarity):

1 * notifier.accept(1)
One or more arguments(s) didn't match:
0: argument == expected
   |        |  |
   1        |  2
            false


	at org.spockframework.mock.runtime.InteractionScope.verifyInteractions(InteractionScope.java:104)
	at org.spockframework.mock.runtime.MockController.leaveScope(MockController.java:77)
	at FirstSpecification.Should verify notify was called(FirstSpecification.groovy:81)
</failure>
  </testcase>
  <system-out><![CDATA[]]></system-out>
  <system-err><![CDATA[]]></system-err>
</testsuite>
